<?xml version="1.0" encoding="UTF-8"?>
<!-- Generated by org.testng.reporters.JUnitReportReporter -->
<testsuite hostname="DESKTOP-ASF005P" failures="0" tests="1" name="Tests.FlowerProduct" time="106.253" errors="0" timestamp="2023-08-03T09:58:00 IST" skipped="0">
  <testcase classname="Tests.FlowerProduct" name="FlowerAdd1" time="106.253"/>
  <system-out/>
</testsuite> <!-- Tests.FlowerProduct -->
