<?xml version="1.0" encoding="UTF-8"?>
<!-- Generated by org.testng.reporters.JUnitReportReporter -->
<testsuite hostname="DESKTOP-ASF005P" failures="0" tests="1" name="Tests.PlantProduct" time="61.502" errors="0" timestamp="2023-07-26T18:07:51 IST" skipped="0">
  <testcase classname="Tests.PlantProduct" name="PlantProduct1" time="61.502"/>
  <system-out/>
</testsuite> <!-- Tests.PlantProduct -->
