<?xml version="1.0" encoding="UTF-8"?>
<!-- Generated by org.testng.reporters.JUnitReportReporter -->
<testsuite hostname="DESKTOP-ASF005P" failures="0" tests="4" name="Tests.FlowerProduct" time="401.242" errors="0" timestamp="2023-08-01T10:11:05 IST" skipped="0">
  <testcase classname="Tests.FlowerProduct" name="FlowerAdd1" time="133.953"/>
  <system-out/>
  <testcase classname="Tests.FlowerProduct" name="FlowerAdd3" time="96.254"/>
  <system-out/>
  <testcase classname="Tests.FlowerProduct" name="FlowerAdd2" time="87.780"/>
  <system-out/>
  <testcase classname="Tests.FlowerProduct" name="FlowerAdd4" time="83.255"/>
  <system-out/>
</testsuite> <!-- Tests.FlowerProduct -->
