<?xml version="1.0" encoding="UTF-8"?>
<!-- Generated by org.testng.reporters.JUnitReportReporter -->
<testsuite hostname="DESKTOP-ASF005P" failures="0" tests="1" name="Tests.FlowerProduct" time="54.002" errors="0" timestamp="2023-07-25T15:26:05 IST" skipped="0">
  <testcase classname="Tests.FlowerProduct" name="FlowerAdd1" time="54.002"/>
  <system-out/>
</testsuite> <!-- Tests.FlowerProduct -->
