<?xml version="1.0" encoding="UTF-8"?>
<!-- Generated by org.testng.reporters.JUnitReportReporter -->
<testsuite hostname="DESKTOP-ASF005P" failures="0" tests="4" name="Tests.FlowerProduct" time="263.457" errors="0" timestamp="2023-07-27T18:30:03 IST" skipped="0">
  <testcase classname="Tests.FlowerProduct" name="FlowerAdd2" time="57.893"/>
  <system-out/>
  <testcase classname="Tests.FlowerProduct" name="FlowerAdd4" time="59.074"/>
  <system-out/>
  <testcase classname="Tests.FlowerProduct" name="FlowerAdd1" time="73.589"/>
  <system-out/>
  <testcase classname="Tests.FlowerProduct" name="FlowerAdd3" time="72.901"/>
  <system-out/>
</testsuite> <!-- Tests.FlowerProduct -->
