<?xml version="1.0" encoding="UTF-8"?>
<!-- Generated by org.testng.reporters.JUnitReportReporter -->
<testsuite hostname="DESKTOP-ASF005P" failures="0" tests="4" name="Tests.FlowerProduct" time="243.591" errors="0" timestamp="2023-07-27T13:20:09 IST" skipped="0">
  <testcase classname="Tests.FlowerProduct" name="FlowerAdd1" time="58.556"/>
  <system-out/>
  <testcase classname="Tests.FlowerProduct" name="FlowerAdd4" time="66.166"/>
  <system-out/>
  <testcase classname="Tests.FlowerProduct" name="FlowerAdd2" time="57.068"/>
  <system-out/>
  <testcase classname="Tests.FlowerProduct" name="FlowerAdd3" time="61.801"/>
  <system-out/>
</testsuite> <!-- Tests.FlowerProduct -->
