<?xml version="1.0" encoding="UTF-8"?>
<!-- Generated by org.testng.reporters.JUnitReportReporter -->
<testsuite hostname="DESKTOP-ASF005P" failures="0" tests="4" name="Tests.FlowerProduct" time="303.359" errors="0" timestamp="2023-08-01T10:51:58 IST" skipped="0">
  <testcase classname="Tests.FlowerProduct" name="FlowerAdd2" time="73.067"/>
  <system-out/>
  <testcase classname="Tests.FlowerProduct" name="FlowerAdd1" time="73.505"/>
  <system-out/>
  <testcase classname="Tests.FlowerProduct" name="FlowerAdd3" time="78.573"/>
  <system-out/>
  <testcase classname="Tests.FlowerProduct" name="FlowerAdd4" time="78.214"/>
  <system-out/>
</testsuite> <!-- Tests.FlowerProduct -->
