<?xml version="1.0" encoding="UTF-8"?>
<!-- Generated by org.testng.reporters.JUnitReportReporter -->
<testsuite hostname="DESKTOP-ASF005P" failures="0" tests="4" name="Tests.FlowerProduct" time="264.706" errors="0" timestamp="2023-07-27T15:37:56 IST" skipped="0">
  <testcase classname="Tests.FlowerProduct" name="FlowerAdd1" time="66.569"/>
  <system-out/>
  <testcase classname="Tests.FlowerProduct" name="FlowerAdd2" time="66.474"/>
  <system-out/>
  <testcase classname="Tests.FlowerProduct" name="FlowerAdd3" time="62.736"/>
  <system-out/>
  <testcase classname="Tests.FlowerProduct" name="FlowerAdd4" time="68.927"/>
  <system-out/>
</testsuite> <!-- Tests.FlowerProduct -->
