<?xml version="1.0" encoding="UTF-8"?>
<!-- Generated by org.testng.reporters.JUnitReportReporter -->
<testsuite hostname="DESKTOP-ASF005P" failures="0" tests="1" name="Tests.FlowerProduct" time="81.040" errors="0" timestamp="2023-08-02T20:23:17 IST" skipped="0">
  <testcase classname="Tests.FlowerProduct" name="FlowerAdd1" time="81.040"/>
  <system-out/>
</testsuite> <!-- Tests.FlowerProduct -->
