<?xml version="1.0" encoding="UTF-8"?>
<!-- Generated by org.testng.reporters.JUnitReportReporter -->
<testsuite hostname="DESKTOP-ASF005P" failures="0" tests="4" name="Tests.FlowerProduct" time="251.690" errors="0" timestamp="2023-07-27T16:27:06 IST" skipped="0">
  <testcase classname="Tests.FlowerProduct" name="FlowerAdd4" time="60.933"/>
  <system-out/>
  <testcase classname="Tests.FlowerProduct" name="FlowerAdd1" time="59.781"/>
  <system-out/>
  <testcase classname="Tests.FlowerProduct" name="FlowerAdd2" time="62.406"/>
  <system-out/>
  <testcase classname="Tests.FlowerProduct" name="FlowerAdd3" time="68.570"/>
  <system-out/>
</testsuite> <!-- Tests.FlowerProduct -->
